#
# A fatal error has been detected by the Java Runtime Environment:
#
#  EXCEPTION_ACCESS_VIOLATION (0xc0000005) at pc=0x00007ffc56650f1a, pid=13512, tid=12624
#
# JRE version: Java(TM) SE Runtime Environment (18.0.2+9) (build 18.0.2+9-61)
# Java VM: Java HotSpot(TM) 64-Bit Server VM (18.0.2+9-61, mixed mode, sharing, tiered, compressed oops, compressed class ptrs, g1 gc, windows-amd64)
# Problematic frame:
# V  [jvm.dll+0x760f1a]
#
# No core dump will be written. Minidumps are not enabled by default on client versions of Windows
#
# If you would like to submit a bug report, please visit:
#   https://bugreport.java.com/bugreport/crash.jsp
#

---------------  S U M M A R Y ------------

Command Line: -XX:+ShowCodeDetailsInExceptionMessages -agentlib:jdwp=transport=dt_socket,suspend=y,address=localhost:56853 -javaagent:C:\Users\Pc\eclipse\java-2022-12\eclipse\configuration\org.eclipse.osgi\227\0\.cp\lib\javaagent-shaded.jar -Dfile.encoding=UTF-8 TDAArbol.Tester

Host: AMD Ryzen 5 2400G with Radeon Vega Graphics    , 8 cores, 13G,  Windows 10 , 64 bit Build 19041 (10.0.19041.2913)
Time: Thu May 25 17:23:51 2023 Hora estándar de Argentina elapsed time: 991.758479 seconds (0d 0h 16m 31s)

---------------  T H R E A D  ---------------

Current thread (0x000002537ed7a650):  JavaThread "JDWP Transport Listener: dt_socket" daemon [_thread_in_vm, id=12624, stack(0x0000006999400000,0x0000006999500000)]

Stack: [0x0000006999400000,0x0000006999500000],  sp=0x00000069994ff270,  free space=1020k
Native frames: (J=compiled Java code, j=interpreted, Vv=VM code, C=native code)
V  [jvm.dll+0x760f1a]
V  [jvm.dll+0x52c54c]
V  [jvm.dll+0x4f3d5b]
C  [jdwp.dll+0x230a7]


siginfo: EXCEPTION_ACCESS_VIOLATION (0xc0000005), reading address 0x0000000001120115


Register to memory mapping:

RIP=0x00007ffc56650f1a jvm.dll
RAX=0x0000000000000126 is an unknown value
RBX=0x000002537a99fa8c points into unknown readable memory: 73 74 3b 00
RCX=0x0000000001120111 is an unknown value
RDX=0x000002537effd1a0 points into unknown readable memory: 0x6f6272414144544c | 4c 54 44 41 41 72 62 6f
RSP=0x00000069994ff270 is pointing into the stack for thread: 0x000002537ed7a650
RBP=0x000002537edd8030 points into unknown readable memory: 0x0043005000000002 | 02 00 00 00 50 00 43 00
RSI=0x0 is NULL
RDI=0xffffffffffffffff is an unknown value
R8 =0x0000000000000015 is an unknown value
R9 =0x0000000000000040 is an unknown value
R10=0x0 is NULL
R11=0x00000069994ff290 is pointing into the stack for thread: 0x000002537ed7a650
R12=0x00000069994ff3c8 is pointing into the stack for thread: 0x000002537ed7a650
R13=0x0 is NULL
R14=0x0000000800c08eb0 is a pointer to class: 
TDAArbol.ArbolGen {0x0000000800c08eb8}
 - instance size:     3
 - klass size:        112
 - access:            public synchronized 
 - state:             fully_initialized
 - name:              'TDAArbol/ArbolGen'
 - super:             'java/lang/Object'
 - sub:               
 - arrays:            NULL
 - methods:           Array<T>(0x000002537b0509a0)
 - method ordering:   Array<T>(0x000002537b0512e0)
 - default_methods:   Array<T>(0x000002537b046ab8)
 - default vtable indices:   Array<T>(0x000002537b046ad0)
 - local interfaces:  Array<T>(0x000002537b0439b8)
 - trans. interfaces: Array<T>(0x000002537b046a28)
 - constants:         constant pool [304] {0x000002537b053570} for 'TDAArbol/ArbolGen' cache=0x000002537b053fd8
 - class loader data:  loader data: 0x000002537a97f110 for instance a 'jdk/internal/loader/ClassLoaders$AppClassLoader'{0x000000072ea6ae80}
 - source file:       'ArbolGen.java'
 - source debug extension:       SMAP
ArbolGen.java
Java
*S jdt
*F
1 ArbolGen.java
2 file:/C:/Users/Pc/Documents/%23UNS/03%20Cuatri/Estructura%20de%20datos%20(ED)/CipraStructures/bin/
*L
*E

 - class annotations:       Array<T>(0x0000000000000000)
 - class type annotations:  Array<T>(0x0000000000000000)
 - field annotations:       Array<T>(0x0000000000000000)
 - field type annotations:  Array<T>(0x0000000000000000)
 - generic signature: '
[error occurred during error reporting (printing register info), id 0xc0000005, EXCEPTION_ACCESS_VIOLATION (0xc0000005) at pc=0x00007ffc56651b26]

Registers:
RAX=0x0000000000000126, RBX=0x000002537a99fa8c, RCX=0x0000000001120111, RDX=0x000002537effd1a0
RSP=0x00000069994ff270, RBP=0x000002537edd8030, RSI=0x0000000000000000, RDI=0xffffffffffffffff
R8 =0x0000000000000015, R9 =0x0000000000000040, R10=0x0000000000000000, R11=0x00000069994ff290
R12=0x00000069994ff3c8, R13=0x0000000000000000, R14=0x0000000800c08eb0, R15=0x00000069994ff3f0
RIP=0x00007ffc56650f1a, EFLAGS=0x0000000000010202

Top of Stack: (sp=0x00000069994ff270)
0x00000069994ff270:   0000000000000011 0000000800c08eb0
0x00000069994ff280:   0000000000000000 00007ffc564462bd
0x00000069994ff290:   ffffffffffffffff 00007ffc5641c54c
0x00000069994ff2a0:   000002537a99fa8c 000002537edd8030
0x00000069994ff2b0:   0000000000000000 00007ffc5641f0ed
0x00000069994ff2c0:   000002537a99fa50 00000000000003d8
0x00000069994ff2d0:   000002537a99fa60 000002537a99fe38
0x00000069994ff2e0:   0000000000002b01 00000069994ff3c8
0x00000069994ff2f0:   0000000000000007 000002537ed7a8e0
0x00000069994ff300:   000000072e5028c8 00007ffc563e3d5b
0x00000069994ff310:   000002537ed7a650 00000069994ff3f0
0x00000069994ff320:   0000025356eae800 00000069994ff3f0
0x00000069994ff330:   000002537ed7a650 0000000000000000
0x00000069994ff340:   0000000000000000 0000000000000000
0x00000069994ff350:   000002537ed7cca8 00007ffcc51330a7
0x00000069994ff360:   00000069994ff3e8 00007ffcc5141718 

Instructions: (pc=0x00007ffc56650f1a)
0x00007ffc56650e1a:   48 8b f8 48 85 db 74 08 48 8b cb e8 e6 ac f0 ff
0x00007ffc56650e2a:   48 8b 5c 24 30 48 8b c7 48 83 c4 20 5f c3 8d 42
0x00007ffc56650e3a:   06 83 ff 02 b9 08 00 00 00 0f 4e c1 45 33 c0 48
0x00007ffc56650e4a:   63 c8 48 83 c1 07 83 e1 f8 48 63 c9 41 8d 50 0b
0x00007ffc56650e5a:   48 83 c4 20 5f e9 cc 22 95 ff cc cc cc cc cc cc
0x00007ffc56650e6a:   cc cc cc cc cc cc 83 fa 02 8d 42 06 b9 08 00 00
0x00007ffc56650e7a:   00 4d 8b c8 0f 4e c1 48 63 c8 49 8b 40 18 48 83
0x00007ffc56650e8a:   c1 07 83 e1 f8 48 63 d1 49 8b 48 20 48 2b c8 48
0x00007ffc56650e9a:   3b ca 72 09 48 8d 0c 10 49 89 48 18 c3 45 33 c0
0x00007ffc56650eaa:   49 8b c9 e9 ae 80 95 ff cc cc cc cc cc cc cc cc
0x00007ffc56650eba:   cc cc cc cc cc cc 4c 8b d2 4c 8b d9 45 85 c0 7e
0x00007ffc56650eca:   3c 44 0f b7 49 04 41 8d 40 ff 41 3b c1 44 0f 4c
0x00007ffc56650eda:   c8 4d 63 c1 45 85 c9 7e 1f 48 8b c2 4c 2b da 49
0x00007ffc56650eea:   8b d0 0f 1f 40 00 41 0f b6 4c 03 06 88 08 48 8d
0x00007ffc56650efa:   40 01 48 83 ea 01 75 ee 43 c6 04 10 00 49 8b c2
0x00007ffc56650f0a:   c3 cc cc cc cc cc 48 89 5c 24 08 57 48 83 ec 20
0x00007ffc56650f1a:   0f b7 59 04 48 8b f9 33 d2 48 8d 4b 01 e8 e4 d3
0x00007ffc56650f2a:   f8 ff 0f b7 57 04 4c 8b c0 3b da 0f 42 d3 44 8b
0x00007ffc56650f3a:   ca 85 d2 74 39 48 2b f8 0f 1f 40 00 66 66 0f 1f
0x00007ffc56650f4a:   84 00 00 00 00 00 0f b6 4c 07 06 88 08 48 ff c0
0x00007ffc56650f5a:   48 8b c8 49 2b c8 49 3b c9 7c eb 42 c6 04 02 00
0x00007ffc56650f6a:   49 8b c0 48 8b 5c 24 30 48 83 c4 20 5f c3 48 8b
0x00007ffc56650f7a:   5c 24 30 c6 04 02 00 48 83 c4 20 5f c3 cc cc cc
0x00007ffc56650f8a:   cc cc cc cc cc cc 4c 8b d1 45 85 c0 7e 6c 44 0f
0x00007ffc56650f9a:   b7 49 04 41 8d 40 ff 41 3b c1 44 0f 4c c8 4d 63
0x00007ffc56650faa:   d9 45 85 c9 7e 22 48 8b ca 4c 2b d2 4d 8b c3 0f
0x00007ffc56650fba:   1f 80 00 00 00 00 41 0f b6 44 0a 06 88 01 48 8d
0x00007ffc56650fca:   49 01 49 83 e8 01 75 ee 41 c6 04 13 00 48 c7 c0
0x00007ffc56650fda:   ff ff ff ff 66 90 48 ff c0 80 3c 02 00 75 f7 48
0x00007ffc56650fea:   63 c8 85 c0 48 8b c2 7e 14 80 38 2f 75 03 c6 00
0x00007ffc56650ffa:   2e 48 ff c0 48 83 e9 01 75 ef 48 8b c2 c3 cc cc
0x00007ffc5665100a:   cc cc cc cc cc cc 48 83 ec 28 e8 f7 fe ff ff 4c 


Stack slot to memory mapping:
stack at sp + 0 slots: 0x0000000000000011 is an unknown value
stack at sp + 1 slots: 0x0000000800c08eb0 is a pointer to class: 
TDAArbol.ArbolGen {0x0000000800c08eb8}
 - instance size:     3
 - klass size:        112
 - access:            public synchronized 
 - state:             fully_initialized
 - name:              'TDAArbol/ArbolGen'
 - super:             'java/lang/Object'
 - sub:               
 - arrays:            NULL
 - methods:           Array<T>(0x000002537b0509a0)
 - method ordering:   Array<T>(0x000002537b0512e0)
 - default_methods:   Array<T>(0x000002537b046ab8)
 - default vtable indices:   Array<T>(0x000002537b046ad0)
 - local interfaces:  Array<T>(0x000002537b0439b8)
 - trans. interfaces: Array<T>(0x000002537b046a28)
 - constants:         constant pool [304] {0x000002537b053570} for 'TDAArbol/ArbolGen' cache=0x000002537b053fd8
 - class loader data:  loader data: 0x000002537a97f110 for instance a 'jdk/internal/loader/ClassLoaders$AppClassLoader'{0x000000072ea6ae80}
 - source file:       'ArbolGen.java'
 - source debug extension:       SMAP
ArbolGen.java
Java
*S jdt
*F
1 ArbolGen.java
2 file:/C:/Users/Pc/Documents/%23UNS/03%20Cuatri/Estructura%20de%20datos%20(ED)/CipraStructures/bin/
*L
*E

 - class annotations:       Array<T>(0x0000000000000000)
 - class type annotations:  Array<T>(0x0000000000000000)
 - field annotations:       Array<T>(0x0000000000000000)
 - field type annotations:  Array<T>(0x0000000000000000)
 - generic signature: '
[error occurred during error reporting (inspecting top of stack), id 0xc0000005, EXCEPTION_ACCESS_VIOLATION (0xc0000005) at pc=0x00007ffc56651b26]


---------------  P R O C E S S  ---------------

Threads class SMR info:
_java_thread_list=0x000002537f49e860, length=15, elements={
0x0000025358e885b0, 0x000002537a975460, 0x000002537a9773d0, 0x000002537a990e60,
0x000002537a991710, 0x000002537a992100, 0x000002537a99b840, 0x000002537a99ed20,
0x000002537a9a3380, 0x000002537a9ac880, 0x000002537ec67f70, 0x000002537ed7a650,
0x000002537ed7e3e0, 0x000002537ed7e8c0, 0x000002537ef9f510
}

Java Threads: ( => current thread )
  0x0000025358e885b0 JavaThread "main" [_thread_blocked, id=12412, stack(0x0000006998300000,0x0000006998400000)]
  0x000002537a975460 JavaThread "Reference Handler" daemon [_thread_blocked, id=13680, stack(0x0000006998a00000,0x0000006998b00000)]
  0x000002537a9773d0 JavaThread "Finalizer" daemon [_thread_blocked, id=10828, stack(0x0000006998b00000,0x0000006998c00000)]
  0x000002537a990e60 JavaThread "Signal Dispatcher" daemon [_thread_blocked, id=4844, stack(0x0000006998c00000,0x0000006998d00000)]
  0x000002537a991710 JavaThread "Attach Listener" daemon [_thread_blocked, id=8644, stack(0x0000006998d00000,0x0000006998e00000)]
  0x000002537a992100 JavaThread "Service Thread" daemon [_thread_blocked, id=2428, stack(0x0000006998e00000,0x0000006998f00000)]
  0x000002537a99b840 JavaThread "Monitor Deflation Thread" daemon [_thread_blocked, id=16812, stack(0x0000006998f00000,0x0000006999000000)]
  0x000002537a99ed20 JavaThread "C2 CompilerThread0" daemon [_thread_blocked, id=15900, stack(0x0000006999000000,0x0000006999100000)]
  0x000002537a9a3380 JavaThread "C1 CompilerThread0" daemon [_thread_blocked, id=6912, stack(0x0000006999100000,0x0000006999200000)]
  0x000002537a9ac880 JavaThread "Sweeper thread" daemon [_thread_blocked, id=5116, stack(0x0000006999200000,0x0000006999300000)]
  0x000002537ec67f70 JavaThread "Common-Cleaner" daemon [_thread_blocked, id=5084, stack(0x0000006999300000,0x0000006999400000)]
=>0x000002537ed7a650 JavaThread "JDWP Transport Listener: dt_socket" daemon [_thread_in_vm, id=12624, stack(0x0000006999400000,0x0000006999500000)]
  0x000002537ed7e3e0 JavaThread "JDWP Event Helper Thread" daemon [_thread_blocked, id=11148, stack(0x0000006999500000,0x0000006999600000)]
  0x000002537ed7e8c0 JavaThread "JDWP Command Reader" daemon [_thread_in_native, id=8728, stack(0x0000006999600000,0x0000006999700000)]
  0x000002537ef9f510 JavaThread "Notification Thread" daemon [_thread_blocked, id=10556, stack(0x0000006999800000,0x0000006999900000)]

Other Threads:
  0x000002537a970b00 VMThread "VM Thread" [stack: 0x0000006998900000,0x0000006998a00000] [id=7724]
  0x0000025358e89550 WatcherThread "VM Periodic Task Thread" [stack: 0x0000006999900000,0x0000006999a00000] [id=6664]
  0x0000025358eeee40 WorkerThread "GC Thread#0" [stack: 0x0000006998400000,0x0000006998500000] [id=17248]
  0x0000025358f1bc90 ConcurrentGCThread "G1 Main Marker" [stack: 0x0000006998500000,0x0000006998600000] [id=1008]
  0x0000025358f1cc90 WorkerThread "G1 Conc#0" [stack: 0x0000006998600000,0x0000006998700000] [id=12920]
  0x0000025358f4e770 ConcurrentGCThread "G1 Refine#0" [stack: 0x0000006998700000,0x0000006998800000] [id=7788]
  0x000002537a82c2b0 ConcurrentGCThread "G1 Service" [stack: 0x0000006998800000,0x0000006998900000] [id=17212]

Threads with active compile tasks:

VM state: not at safepoint (normal execution)

VM Mutex/Monitor currently owned by a thread: None

Heap address: 0x0000000720c00000, size: 3572 MB, Compressed Oops mode: Zero based, Oop shift amount: 3

CDS archive(s) mapped at: [0x0000000800000000-0x0000000800ba0000-0x0000000800ba0000), size 12189696, SharedBaseAddress: 0x0000000800000000, ArchiveRelocationMode: 0.
Compressed class space mapped at: 0x0000000800c00000-0x0000000840c00000, reserved size: 1073741824
Narrow klass base: 0x0000000800000000, Narrow klass shift: 0, Narrow klass range: 0x100000000

GC Precious Log:
 CardTable entry size: 512
 Card Set container configuration: InlinePtr #cards 4 size 8 Array Of Cards #cards 16 size 48 Howl #buckets 8 coarsen threshold 3686 Howl Bitmap #cards 512 size 80 coarsen threshold 460 Card regions per heap region 1 cards per card region 4096
 CPUs: 8 total, 8 available
 Memory: 14284M
 Large Page Support: Disabled
 NUMA Support: Disabled
 Compressed Oops: Enabled (Zero based)
 Heap Region Size: 2M
 Heap Min Capacity: 8M
 Heap Initial Capacity: 224M
 Heap Max Capacity: 3572M
 Pre-touch: Disabled
 Parallel Workers: 8
 Concurrent Workers: 2
 Concurrent Refinement Workers: 8
 Periodic GC: Disabled

Heap:
 garbage-first heap   total 229376K, used 6144K [0x0000000720c00000, 0x0000000800000000)
  region size 2048K, 4 young (8192K), 0 survivors (0K)
 Metaspace       used 2914K, committed 3072K, reserved 1114112K
  class space    used 249K, committed 320K, reserved 1048576K

Heap Regions: E=young(eden), S=young(survivor), O=old, HS=humongous(starts), HC=humongous(continues), CS=collection set, F=free, OA=open archive, CA=closed archive, TAMS=top-at-mark-start (previous, next)
|   0|0x0000000720c00000, 0x0000000720c00000, 0x0000000720e00000|  0%| F|  |TAMS 0x0000000720c00000, 0x0000000720c00000| Untracked 
|   1|0x0000000720e00000, 0x0000000720e00000, 0x0000000721000000|  0%| F|  |TAMS 0x0000000720e00000, 0x0000000720e00000| Untracked 
|   2|0x0000000721000000, 0x0000000721000000, 0x0000000721200000|  0%| F|  |TAMS 0x0000000721000000, 0x0000000721000000| Untracked 
|   3|0x0000000721200000, 0x0000000721200000, 0x0000000721400000|  0%| F|  |TAMS 0x0000000721200000, 0x0000000721200000| Untracked 
|   4|0x0000000721400000, 0x0000000721400000, 0x0000000721600000|  0%| F|  |TAMS 0x0000000721400000, 0x0000000721400000| Untracked 
|   5|0x0000000721600000, 0x0000000721600000, 0x0000000721800000|  0%| F|  |TAMS 0x0000000721600000, 0x0000000721600000| Untracked 
|   6|0x0000000721800000, 0x0000000721800000, 0x0000000721a00000|  0%| F|  |TAMS 0x0000000721800000, 0x0000000721800000| Untracked 
|   7|0x0000000721a00000, 0x0000000721a00000, 0x0000000721c00000|  0%| F|  |TAMS 0x0000000721a00000, 0x0000000721a00000| Untracked 
|   8|0x0000000721c00000, 0x0000000721c00000, 0x0000000721e00000|  0%| F|  |TAMS 0x0000000721c00000, 0x0000000721c00000| Untracked 
|   9|0x0000000721e00000, 0x0000000721e00000, 0x0000000722000000|  0%| F|  |TAMS 0x0000000721e00000, 0x0000000721e00000| Untracked 
|  10|0x0000000722000000, 0x0000000722000000, 0x0000000722200000|  0%| F|  |TAMS 0x0000000722000000, 0x0000000722000000| Untracked 
|  11|0x0000000722200000, 0x0000000722200000, 0x0000000722400000|  0%| F|  |TAMS 0x0000000722200000, 0x0000000722200000| Untracked 
|  12|0x0000000722400000, 0x0000000722400000, 0x0000000722600000|  0%| F|  |TAMS 0x0000000722400000, 0x0000000722400000| Untracked 
|  13|0x0000000722600000, 0x0000000722600000, 0x0000000722800000|  0%| F|  |TAMS 0x0000000722600000, 0x0000000722600000| Untracked 
|  14|0x0000000722800000, 0x0000000722800000, 0x0000000722a00000|  0%| F|  |TAMS 0x0000000722800000, 0x0000000722800000| Untracked 
|  15|0x0000000722a00000, 0x0000000722a00000, 0x0000000722c00000|  0%| F|  |TAMS 0x0000000722a00000, 0x0000000722a00000| Untracked 
|  16|0x0000000722c00000, 0x0000000722c00000, 0x0000000722e00000|  0%| F|  |TAMS 0x0000000722c00000, 0x0000000722c00000| Untracked 
|  17|0x0000000722e00000, 0x0000000722e00000, 0x0000000723000000|  0%| F|  |TAMS 0x0000000722e00000, 0x0000000722e00000| Untracked 
|  18|0x0000000723000000, 0x0000000723000000, 0x0000000723200000|  0%| F|  |TAMS 0x0000000723000000, 0x0000000723000000| Untracked 
|  19|0x0000000723200000, 0x0000000723200000, 0x0000000723400000|  0%| F|  |TAMS 0x0000000723200000, 0x0000000723200000| Untracked 
|  20|0x0000000723400000, 0x0000000723400000, 0x0000000723600000|  0%| F|  |TAMS 0x0000000723400000, 0x0000000723400000| Untracked 
|  21|0x0000000723600000, 0x0000000723600000, 0x0000000723800000|  0%| F|  |TAMS 0x0000000723600000, 0x0000000723600000| Untracked 
|  22|0x0000000723800000, 0x0000000723800000, 0x0000000723a00000|  0%| F|  |TAMS 0x0000000723800000, 0x0000000723800000| Untracked 
|  23|0x0000000723a00000, 0x0000000723a00000, 0x0000000723c00000|  0%| F|  |TAMS 0x0000000723a00000, 0x0000000723a00000| Untracked 
|  24|0x0000000723c00000, 0x0000000723c00000, 0x0000000723e00000|  0%| F|  |TAMS 0x0000000723c00000, 0x0000000723c00000| Untracked 
|  25|0x0000000723e00000, 0x0000000723e00000, 0x0000000724000000|  0%| F|  |TAMS 0x0000000723e00000, 0x0000000723e00000| Untracked 
|  26|0x0000000724000000, 0x0000000724000000, 0x0000000724200000|  0%| F|  |TAMS 0x0000000724000000, 0x0000000724000000| Untracked 
|  27|0x0000000724200000, 0x0000000724200000, 0x0000000724400000|  0%| F|  |TAMS 0x0000000724200000, 0x0000000724200000| Untracked 
|  28|0x0000000724400000, 0x0000000724400000, 0x0000000724600000|  0%| F|  |TAMS 0x0000000724400000, 0x0000000724400000| Untracked 
|  29|0x0000000724600000, 0x0000000724600000, 0x0000000724800000|  0%| F|  |TAMS 0x0000000724600000, 0x0000000724600000| Untracked 
|  30|0x0000000724800000, 0x0000000724800000, 0x0000000724a00000|  0%| F|  |TAMS 0x0000000724800000, 0x0000000724800000| Untracked 
|  31|0x0000000724a00000, 0x0000000724a00000, 0x0000000724c00000|  0%| F|  |TAMS 0x0000000724a00000, 0x0000000724a00000| Untracked 
|  32|0x0000000724c00000, 0x0000000724c00000, 0x0000000724e00000|  0%| F|  |TAMS 0x0000000724c00000, 0x0000000724c00000| Untracked 
|  33|0x0000000724e00000, 0x0000000724e00000, 0x0000000725000000|  0%| F|  |TAMS 0x0000000724e00000, 0x0000000724e00000| Untracked 
|  34|0x0000000725000000, 0x0000000725000000, 0x0000000725200000|  0%| F|  |TAMS 0x0000000725000000, 0x0000000725000000| Untracked 
|  35|0x0000000725200000, 0x0000000725200000, 0x0000000725400000|  0%| F|  |TAMS 0x0000000725200000, 0x0000000725200000| Untracked 
|  36|0x0000000725400000, 0x0000000725400000, 0x0000000725600000|  0%| F|  |TAMS 0x0000000725400000, 0x0000000725400000| Untracked 
|  37|0x0000000725600000, 0x0000000725600000, 0x0000000725800000|  0%| F|  |TAMS 0x0000000725600000, 0x0000000725600000| Untracked 
|  38|0x0000000725800000, 0x0000000725800000, 0x0000000725a00000|  0%| F|  |TAMS 0x0000000725800000, 0x0000000725800000| Untracked 
|  39|0x0000000725a00000, 0x0000000725a00000, 0x0000000725c00000|  0%| F|  |TAMS 0x0000000725a00000, 0x0000000725a00000| Untracked 
|  40|0x0000000725c00000, 0x0000000725c00000, 0x0000000725e00000|  0%| F|  |TAMS 0x0000000725c00000, 0x0000000725c00000| Untracked 
|  41|0x0000000725e00000, 0x0000000725e00000, 0x0000000726000000|  0%| F|  |TAMS 0x0000000725e00000, 0x0000000725e00000| Untracked 
|  42|0x0000000726000000, 0x0000000726000000, 0x0000000726200000|  0%| F|  |TAMS 0x0000000726000000, 0x0000000726000000| Untracked 
|  43|0x0000000726200000, 0x0000000726200000, 0x0000000726400000|  0%| F|  |TAMS 0x0000000726200000, 0x0000000726200000| Untracked 
|  44|0x0000000726400000, 0x0000000726400000, 0x0000000726600000|  0%| F|  |TAMS 0x0000000726400000, 0x0000000726400000| Untracked 
|  45|0x0000000726600000, 0x0000000726600000, 0x0000000726800000|  0%| F|  |TAMS 0x0000000726600000, 0x0000000726600000| Untracked 
|  46|0x0000000726800000, 0x0000000726800000, 0x0000000726a00000|  0%| F|  |TAMS 0x0000000726800000, 0x0000000726800000| Untracked 
|  47|0x0000000726a00000, 0x0000000726a00000, 0x0000000726c00000|  0%| F|  |TAMS 0x0000000726a00000, 0x0000000726a00000| Untracked 
|  48|0x0000000726c00000, 0x0000000726c00000, 0x0000000726e00000|  0%| F|  |TAMS 0x0000000726c00000, 0x0000000726c00000| Untracked 
|  49|0x0000000726e00000, 0x0000000726e00000, 0x0000000727000000|  0%| F|  |TAMS 0x0000000726e00000, 0x0000000726e00000| Untracked 
|  50|0x0000000727000000, 0x0000000727000000, 0x0000000727200000|  0%| F|  |TAMS 0x0000000727000000, 0x0000000727000000| Untracked 
|  51|0x0000000727200000, 0x0000000727200000, 0x0000000727400000|  0%| F|  |TAMS 0x0000000727200000, 0x0000000727200000| Untracked 
|  52|0x0000000727400000, 0x0000000727400000, 0x0000000727600000|  0%| F|  |TAMS 0x0000000727400000, 0x0000000727400000| Untracked 
|  53|0x0000000727600000, 0x0000000727600000, 0x0000000727800000|  0%| F|  |TAMS 0x0000000727600000, 0x0000000727600000| Untracked 
|  54|0x0000000727800000, 0x0000000727800000, 0x0000000727a00000|  0%| F|  |TAMS 0x0000000727800000, 0x0000000727800000| Untracked 
|  55|0x0000000727a00000, 0x0000000727a00000, 0x0000000727c00000|  0%| F|  |TAMS 0x0000000727a00000, 0x0000000727a00000| Untracked 
|  56|0x0000000727c00000, 0x0000000727c00000, 0x0000000727e00000|  0%| F|  |TAMS 0x0000000727c00000, 0x0000000727c00000| Untracked 
|  57|0x0000000727e00000, 0x0000000727e00000, 0x0000000728000000|  0%| F|  |TAMS 0x0000000727e00000, 0x0000000727e00000| Untracked 
|  58|0x0000000728000000, 0x0000000728000000, 0x0000000728200000|  0%| F|  |TAMS 0x0000000728000000, 0x0000000728000000| Untracked 
|  59|0x0000000728200000, 0x0000000728200000, 0x0000000728400000|  0%| F|  |TAMS 0x0000000728200000, 0x0000000728200000| Untracked 
|  60|0x0000000728400000, 0x0000000728400000, 0x0000000728600000|  0%| F|  |TAMS 0x0000000728400000, 0x0000000728400000| Untracked 
|  61|0x0000000728600000, 0x0000000728600000, 0x0000000728800000|  0%| F|  |TAMS 0x0000000728600000, 0x0000000728600000| Untracked 
|  62|0x0000000728800000, 0x0000000728800000, 0x0000000728a00000|  0%| F|  |TAMS 0x0000000728800000, 0x0000000728800000| Untracked 
|  63|0x0000000728a00000, 0x0000000728a00000, 0x0000000728c00000|  0%| F|  |TAMS 0x0000000728a00000, 0x0000000728a00000| Untracked 
|  64|0x0000000728c00000, 0x0000000728c00000, 0x0000000728e00000|  0%| F|  |TAMS 0x0000000728c00000, 0x0000000728c00000| Untracked 
|  65|0x0000000728e00000, 0x0000000728e00000, 0x0000000729000000|  0%| F|  |TAMS 0x0000000728e00000, 0x0000000728e00000| Untracked 
|  66|0x0000000729000000, 0x0000000729000000, 0x0000000729200000|  0%| F|  |TAMS 0x0000000729000000, 0x0000000729000000| Untracked 
|  67|0x0000000729200000, 0x0000000729200000, 0x0000000729400000|  0%| F|  |TAMS 0x0000000729200000, 0x0000000729200000| Untracked 
|  68|0x0000000729400000, 0x0000000729400000, 0x0000000729600000|  0%| F|  |TAMS 0x0000000729400000, 0x0000000729400000| Untracked 
|  69|0x0000000729600000, 0x0000000729600000, 0x0000000729800000|  0%| F|  |TAMS 0x0000000729600000, 0x0000000729600000| Untracked 
|  70|0x0000000729800000, 0x0000000729800000, 0x0000000729a00000|  0%| F|  |TAMS 0x0000000729800000, 0x0000000729800000| Untracked 
|  71|0x0000000729a00000, 0x0000000729a00000, 0x0000000729c00000|  0%| F|  |TAMS 0x0000000729a00000, 0x0000000729a00000| Untracked 
|  72|0x0000000729c00000, 0x0000000729c00000, 0x0000000729e00000|  0%| F|  |TAMS 0x0000000729c00000, 0x0000000729c00000| Untracked 
|  73|0x0000000729e00000, 0x0000000729e00000, 0x000000072a000000|  0%| F|  |TAMS 0x0000000729e00000, 0x0000000729e00000| Untracked 
|  74|0x000000072a000000, 0x000000072a000000, 0x000000072a200000|  0%| F|  |TAMS 0x000000072a000000, 0x000000072a000000| Untracked 
|  75|0x000000072a200000, 0x000000072a200000, 0x000000072a400000|  0%| F|  |TAMS 0x000000072a200000, 0x000000072a200000| Untracked 
|  76|0x000000072a400000, 0x000000072a400000, 0x000000072a600000|  0%| F|  |TAMS 0x000000072a400000, 0x000000072a400000| Untracked 
|  77|0x000000072a600000, 0x000000072a600000, 0x000000072a800000|  0%| F|  |TAMS 0x000000072a600000, 0x000000072a600000| Untracked 
|  78|0x000000072a800000, 0x000000072a800000, 0x000000072aa00000|  0%| F|  |TAMS 0x000000072a800000, 0x000000072a800000| Untracked 
|  79|0x000000072aa00000, 0x000000072aa00000, 0x000000072ac00000|  0%| F|  |TAMS 0x000000072aa00000, 0x000000072aa00000| Untracked 
|  80|0x000000072ac00000, 0x000000072ac00000, 0x000000072ae00000|  0%| F|  |TAMS 0x000000072ac00000, 0x000000072ac00000| Untracked 
|  81|0x000000072ae00000, 0x000000072ae00000, 0x000000072b000000|  0%| F|  |TAMS 0x000000072ae00000, 0x000000072ae00000| Untracked 
|  82|0x000000072b000000, 0x000000072b000000, 0x000000072b200000|  0%| F|  |TAMS 0x000000072b000000, 0x000000072b000000| Untracked 
|  83|0x000000072b200000, 0x000000072b200000, 0x000000072b400000|  0%| F|  |TAMS 0x000000072b200000, 0x000000072b200000| Untracked 
|  84|0x000000072b400000, 0x000000072b400000, 0x000000072b600000|  0%| F|  |TAMS 0x000000072b400000, 0x000000072b400000| Untracked 
|  85|0x000000072b600000, 0x000000072b600000, 0x000000072b800000|  0%| F|  |TAMS 0x000000072b600000, 0x000000072b600000| Untracked 
|  86|0x000000072b800000, 0x000000072b800000, 0x000000072ba00000|  0%| F|  |TAMS 0x000000072b800000, 0x000000072b800000| Untracked 
|  87|0x000000072ba00000, 0x000000072ba00000, 0x000000072bc00000|  0%| F|  |TAMS 0x000000072ba00000, 0x000000072ba00000| Untracked 
|  88|0x000000072bc00000, 0x000000072bc00000, 0x000000072be00000|  0%| F|  |TAMS 0x000000072bc00000, 0x000000072bc00000| Untracked 
|  89|0x000000072be00000, 0x000000072be00000, 0x000000072c000000|  0%| F|  |TAMS 0x000000072be00000, 0x000000072be00000| Untracked 
|  90|0x000000072c000000, 0x000000072c000000, 0x000000072c200000|  0%| F|  |TAMS 0x000000072c000000, 0x000000072c000000| Untracked 
|  91|0x000000072c200000, 0x000000072c200000, 0x000000072c400000|  0%| F|  |TAMS 0x000000072c200000, 0x000000072c200000| Untracked 
|  92|0x000000072c400000, 0x000000072c400000, 0x000000072c600000|  0%| F|  |TAMS 0x000000072c400000, 0x000000072c400000| Untracked 
|  93|0x000000072c600000, 0x000000072c600000, 0x000000072c800000|  0%| F|  |TAMS 0x000000072c600000, 0x000000072c600000| Untracked 
|  94|0x000000072c800000, 0x000000072c800000, 0x000000072ca00000|  0%| F|  |TAMS 0x000000072c800000, 0x000000072c800000| Untracked 
|  95|0x000000072ca00000, 0x000000072ca00000, 0x000000072cc00000|  0%| F|  |TAMS 0x000000072ca00000, 0x000000072ca00000| Untracked 
|  96|0x000000072cc00000, 0x000000072cc00000, 0x000000072ce00000|  0%| F|  |TAMS 0x000000072cc00000, 0x000000072cc00000| Untracked 
|  97|0x000000072ce00000, 0x000000072ce00000, 0x000000072d000000|  0%| F|  |TAMS 0x000000072ce00000, 0x000000072ce00000| Untracked 
|  98|0x000000072d000000, 0x000000072d000000, 0x000000072d200000|  0%| F|  |TAMS 0x000000072d000000, 0x000000072d000000| Untracked 
|  99|0x000000072d200000, 0x000000072d200000, 0x000000072d400000|  0%| F|  |TAMS 0x000000072d200000, 0x000000072d200000| Untracked 
| 100|0x000000072d400000, 0x000000072d400000, 0x000000072d600000|  0%| F|  |TAMS 0x000000072d400000, 0x000000072d400000| Untracked 
| 101|0x000000072d600000, 0x000000072d600000, 0x000000072d800000|  0%| F|  |TAMS 0x000000072d600000, 0x000000072d600000| Untracked 
| 102|0x000000072d800000, 0x000000072d800000, 0x000000072da00000|  0%| F|  |TAMS 0x000000072d800000, 0x000000072d800000| Untracked 
| 103|0x000000072da00000, 0x000000072da00000, 0x000000072dc00000|  0%| F|  |TAMS 0x000000072da00000, 0x000000072da00000| Untracked 
| 104|0x000000072dc00000, 0x000000072dc00000, 0x000000072de00000|  0%| F|  |TAMS 0x000000072dc00000, 0x000000072dc00000| Untracked 
| 105|0x000000072de00000, 0x000000072de00000, 0x000000072e000000|  0%| F|  |TAMS 0x000000072de00000, 0x000000072de00000| Untracked 
| 106|0x000000072e000000, 0x000000072e000000, 0x000000072e200000|  0%| F|  |TAMS 0x000000072e000000, 0x000000072e000000| Untracked 
| 107|0x000000072e200000, 0x000000072e200000, 0x000000072e400000|  0%| F|  |TAMS 0x000000072e200000, 0x000000072e200000| Untracked 
| 108|0x000000072e400000, 0x000000072e570948, 0x000000072e600000| 71%| E|  |TAMS 0x000000072e400000, 0x000000072e400000| Complete 
| 109|0x000000072e600000, 0x000000072e800000, 0x000000072e800000|100%| E|CS|TAMS 0x000000072e600000, 0x000000072e600000| Complete 
| 110|0x000000072e800000, 0x000000072ea00000, 0x000000072ea00000|100%| E|CS|TAMS 0x000000072e800000, 0x000000072e800000| Complete 
| 111|0x000000072ea00000, 0x000000072ec00000, 0x000000072ec00000|100%| E|CS|TAMS 0x000000072ea00000, 0x000000072ea00000| Complete 

Card table byte_map: [0x00000253701f0000,0x00000253708f0000] _byte_map_base: 0x000002536c8ea000

Marking Bits (Prev, Next): (CMBitMap*) 0x0000025358ef0450, (CMBitMap*) 0x0000025358ef0490
 Prev Bits: [0x0000025370ff0000, 0x00000253747c0000)
 Next Bits: [0x00000253747c0000, 0x0000025377f90000)

Polling page: 0x0000025356da0000

Metaspace:

Usage:
  Non-class:      2.60 MB used.
      Class:    249.31 KB used.
       Both:      2.85 MB used.

Virtual space:
  Non-class space:       64.00 MB reserved,       2.69 MB (  4%) committed,  1 nodes.
      Class space:        1.00 GB reserved,     320.00 KB ( <1%) committed,  1 nodes.
             Both:        1.06 GB reserved,       3.00 MB ( <1%) committed. 

Chunk freelists:
   Non-Class:  3.66 MB
       Class:  3.70 MB
        Both:  7.36 MB

MaxMetaspaceSize: unlimited
CompressedClassSpaceSize: 1.00 GB
Initial GC threshold: 21.00 MB
Current GC threshold: 21.00 MB
CDS: on
MetaspaceReclaimPolicy: balanced
 - commit_granule_bytes: 65536.
 - commit_granule_words: 8192.
 - virtual_space_node_default_size: 8388608.
 - enlarge_chunks_in_place: 1.
 - new_chunks_are_fully_committed: 0.
 - uncommit_free_chunks: 1.
 - use_allocation_guard: 0.


Internal statistics:

num_allocs_failed_limit: 0.
num_arena_births: 30.
num_arena_deaths: 0.
num_vsnodes_births: 2.
num_vsnodes_deaths: 0.
num_space_committed: 48.
num_space_uncommitted: 0.
num_chunks_returned_to_freelist: 0.
num_chunks_taken_from_freelist: 48.
num_chunk_merges: 0.
num_chunk_splits: 32.
num_chunks_enlarged: 25.
num_inconsistent_stats: 0.

CodeHeap 'non-profiled nmethods': size=120000Kb used=195Kb max_used=195Kb free=119805Kb
 bounds [0x0000025368290000, 0x0000025368500000, 0x000002536f7c0000]
CodeHeap 'profiled nmethods': size=120000Kb used=1025Kb max_used=1025Kb free=118974Kb
 bounds [0x0000025360d60000, 0x0000025360fd0000, 0x0000025368290000]
CodeHeap 'non-nmethods': size=5760Kb used=1214Kb max_used=1231Kb free=4545Kb
 bounds [0x00000253607c0000, 0x0000025360a30000, 0x0000025360d60000]
 total_blobs=1022 nmethods=601 adapters=334
 compilation: enabled
              stopped_count=0, restarted_count=0
 full_count=0

Compilation events (20 events):
Event: 0.453 Thread 0x000002537a9a3380  594       1       org.eclipse.jdt.launching.internal.org.objectweb.asm.SymbolTable::getSource (5 bytes)
Event: 0.453 Thread 0x000002537a9a3380 nmethod 594 0x00000253682c0310 code [0x00000253682c04a0, 0x00000253682c0578]
Event: 0.453 Thread 0x000002537a9a3380  595       3       org.eclipse.jdt.launching.internal.org.objectweb.asm.SymbolTable::addConstantUtf8 (98 bytes)
Event: 0.454 Thread 0x000002537a9a3380 nmethod 595 0x0000025360e5e090 code [0x0000025360e5e2c0, 0x0000025360e5e8d8]
Event: 219.053 Thread 0x000002537a9a3380  596       3       org.eclipse.jdt.launching.internal.org.objectweb.asm.ClassReader::readClass (7 bytes)
Event: 219.056 Thread 0x000002537a9a3380 

Event: 219.056 Thread 0x000002537a9a3380  597       3       org.eclipse.jdt.launching.internal.org.objectweb.asm.ClassReader::readStringish (16 bytes)
Event: 219.057 Thread 0x000002537a9a3380 nmethod 597 0x0000025360e5ec10 code [0x0000025360e5ede0, 0x0000025360e5f108]
Event: 404.802 Thread 0x000002537a99ed20  598       4       org.eclipse.jdt.launching.internal.org.objectweb.asm.ClassReader::getItem (7 bytes)
Event: 404.802 Thread 0x000002537a9a3380  599       1       org.eclipse.jdt.launching.internal.org.objectweb.asm.MethodWriter::hasAsmInstructions (5 bytes)
Event: 404.802 Thread 0x000002537a9a3380 nmethod 599 0x00000253682c0610 code [0x00000253682c07a0, 0x00000253682c0878]
Event: 404.803 Thread 0x000002537a99ed20 nmethod 598 0x00000253682c0910 code [0x00000253682c0a80, 0x00000253682c0b38]
Event: 735.434 Thread 0x000002537a99ed20  600       4       org.eclipse.jdt.launching.internal.org.objectweb.asm.ClassReader::readUtf (161 bytes)
Event: 735.435 Thread 0x000002537a9a3380  601       3       org.eclipse.jdt.launching.internal.org.objectweb.asm.ClassReader::readClass (7 bytes)
Event: 735.436 Thread 0x000002537a9a3380 nmethod 601 0x0000025360e5f290 code [0x0000025360e5f460, 0x0000025360e5f7e8]
Event: 735.450 Thread 0x000002537a99ed20 

Event: 991.730 Thread 0x000002537a9a3380  602       3       org.eclipse.jdt.launching.internal.org.objectweb.asm.SymbolTable::addConstantMemberReference (29 bytes)
Event: 991.730 Thread 0x000002537a9a3380 nmethod 602 0x0000025360e5f990 code [0x0000025360e5fb80, 0x0000025360e5ff48]
Event: 991.730 Thread 0x000002537a9a3380  603       3       org.eclipse.jdt.launching.internal.org.objectweb.asm.SymbolTable::hash (20 bytes)
Event: 991.730 Thread 0x000002537a9a3380 nmethod 603 0x0000025360e60210 code [0x0000025360e603c0, 0x0000025360e605a8]

GC Heap History (0 events):
No events

Deoptimization events (20 events):
Event: 0.431 Thread 0x0000025358e885b0 DEOPT PACKING pc=0x0000025360e2497c sp=0x00000069983fb840
Event: 0.431 Thread 0x0000025358e885b0 DEOPT UNPACKING pc=0x0000025360812b43 sp=0x00000069983faca8 mode 0
Event: 0.431 Thread 0x0000025358e885b0 DEOPT PACKING pc=0x0000025360e24a54 sp=0x00000069983fb840
Event: 0.431 Thread 0x0000025358e885b0 DEOPT UNPACKING pc=0x0000025360812b43 sp=0x00000069983faca8 mode 0
Event: 0.433 Thread 0x0000025358e885b0 DEOPT PACKING pc=0x0000025360e24a54 sp=0x00000069983f7d70
Event: 0.433 Thread 0x0000025358e885b0 DEOPT UNPACKING pc=0x0000025360812b43 sp=0x00000069983f71d8 mode 0
Event: 0.435 Thread 0x0000025358e885b0 DEOPT PACKING pc=0x0000025360e24a54 sp=0x00000069983fb770
Event: 0.435 Thread 0x0000025358e885b0 DEOPT UNPACKING pc=0x0000025360812b43 sp=0x00000069983fabd8 mode 0
Event: 0.436 Thread 0x0000025358e885b0 DEOPT PACKING pc=0x0000025360e24a54 sp=0x00000069983fb840
Event: 0.436 Thread 0x0000025358e885b0 DEOPT UNPACKING pc=0x0000025360812b43 sp=0x00000069983faca8 mode 0
Event: 0.439 Thread 0x0000025358e885b0 DEOPT PACKING pc=0x0000025360e2497c sp=0x00000069983f79e0
Event: 0.439 Thread 0x0000025358e885b0 DEOPT UNPACKING pc=0x0000025360812b43 sp=0x00000069983f6e48 mode 0
Event: 0.441 Thread 0x0000025358e885b0 DEOPT PACKING pc=0x0000025360e2497c sp=0x00000069983f79e0
Event: 0.441 Thread 0x0000025358e885b0 DEOPT UNPACKING pc=0x0000025360812b43 sp=0x00000069983f6e48 mode 0
Event: 0.441 Thread 0x0000025358e885b0 DEOPT PACKING pc=0x0000025360e2497c sp=0x00000069983f79e0
Event: 0.441 Thread 0x0000025358e885b0 DEOPT UNPACKING pc=0x0000025360812b43 sp=0x00000069983f6e48 mode 0
Event: 0.442 Thread 0x0000025358e885b0 DEOPT PACKING pc=0x0000025360e24a54 sp=0x00000069983f79e0
Event: 0.442 Thread 0x0000025358e885b0 DEOPT UNPACKING pc=0x0000025360812b43 sp=0x00000069983f6e48 mode 0
Event: 0.442 Thread 0x0000025358e885b0 DEOPT PACKING pc=0x0000025360e24a54 sp=0x00000069983f79e0
Event: 0.442 Thread 0x0000025358e885b0 DEOPT UNPACKING pc=0x0000025360812b43 sp=0x00000069983f6e48 mode 0

Classes loaded (20 events):
Event: 0.405 Loading class jdk/internal/jimage/ImageBufferCache$1
Event: 0.406 Loading class jdk/internal/jimage/ImageBufferCache$1 done
Event: 0.406 Loading class jdk/internal/jimage/ImageBufferCache$2
Event: 0.406 Loading class jdk/internal/jimage/ImageBufferCache$2 done
Event: 0.406 Loading class java/util/AbstractMap$SimpleEntry
Event: 0.406 Loading class java/util/AbstractMap$SimpleEntry done
Event: 0.410 Loading class jdk/internal/loader/URLClassPath$FileLoader$1
Event: 0.410 Loading class jdk/internal/loader/URLClassPath$FileLoader$1 done
Event: 0.415 Loading class java/lang/AssertionError
Event: 0.415 Loading class java/lang/AssertionError done
Event: 0.417 Loading class java/lang/UnsupportedOperationException
Event: 0.417 Loading class java/lang/UnsupportedOperationException done
Event: 0.418 Loading class java/lang/TypeNotPresentException
Event: 0.418 Loading class java/lang/TypeNotPresentException done
Event: 0.430 Loading class java/lang/IndexOutOfBoundsException
Event: 0.430 Loading class java/lang/IndexOutOfBoundsException done
Event: 0.443 Loading class java/lang/IllegalStateException
Event: 0.443 Loading class java/lang/IllegalStateException done
Event: 28.296 Loading class java/util/NoSuchElementException
Event: 28.296 Loading class java/util/NoSuchElementException done

Classes unloaded (0 events):
No events

Classes redefined (6 events):
Event: 192.219 Thread 0x000002537a970b00 redefined class name=TDAArbol.Tester, count=1
Event: 203.346 Thread 0x000002537a970b00 redefined class name=TDAArbol.Tester, count=2
Event: 219.054 Thread 0x000002537a970b00 redefined class name=TDAArbol.Tester, count=3
Event: 404.804 Thread 0x000002537a970b00 redefined class name=TDAArbol.ArbolGen, count=1
Event: 735.441 Thread 0x000002537a970b00 redefined class name=TDAArbol.ArbolGen, count=2
Event: 991.732 Thread 0x000002537a970b00 redefined class name=TDAArbol.ArbolGen, count=3

Internal exceptions (2 events):
Event: 0.396 Thread 0x0000025358e885b0 Exception <a 'java/lang/NoSuchMethodError'{0x000000072e7ef398}: 'void java.lang.invoke.DirectMethodHandle$Holder.invokeStatic(java.lang.Object, java.lang.Object, java.lang.Object)'> (0x000000072e7ef398) 
thrown [s\open\src\hotspot\share\interpreter\linkResolver.cpp, line 759]
Event: 0.400 Thread 0x0000025358e885b0 Exception <a 'java/lang/NoSuchMethodError'{0x000000072e403668}: 'java.lang.Object java.lang.invoke.Invokers$Holder.invokeExact_MT(java.lang.Object, java.lang.Object, java.lang.Object, java.lang.Object, java.lang.Object)'> (0x000000072e403668) 
thrown [s\open\src\hotspot\share\interpreter\linkResolver.cpp, line 759]

VM Operations (20 events):
Event: 203.346 Executing VM operation: RedefineClasses
Event: 203.348 Executing VM operation: RedefineClasses done
Event: 203.351 Executing VM operation: ChangeBreakpoints
Event: 203.352 Executing VM operation: ChangeBreakpoints done
Event: 219.053 Executing VM operation: RedefineClasses
Event: 219.056 Executing VM operation: RedefineClasses done
Event: 219.060 Executing VM operation: ChangeBreakpoints
Event: 219.060 Executing VM operation: ChangeBreakpoints done
Event: 295.626 Executing VM operation: ChangeBreakpoints
Event: 295.626 Executing VM operation: ChangeBreakpoints done
Event: 404.803 Executing VM operation: RedefineClasses
Event: 404.806 Executing VM operation: RedefineClasses done
Event: 404.813 Executing VM operation: ChangeBreakpoints
Event: 404.813 Executing VM operation: ChangeBreakpoints done
Event: 735.440 Executing VM operation: RedefineClasses
Event: 735.444 Executing VM operation: RedefineClasses done
Event: 735.514 Executing VM operation: ChangeBreakpoints
Event: 735.514 Executing VM operation: ChangeBreakpoints done
Event: 991.731 Executing VM operation: RedefineClasses
Event: 991.734 Executing VM operation: RedefineClasses done

Events (20 events):
Event: 0.031 Thread 0x000002537a991710 Thread added: 0x000002537a991710
Event: 0.032 Thread 0x000002537a992100 Thread added: 0x000002537a992100
Event: 0.032 Thread 0x000002537a99b840 Thread added: 0x000002537a99b840
Event: 0.032 Thread 0x000002537a99ed20 Thread added: 0x000002537a99ed20
Event: 0.032 Thread 0x000002537a9a3380 Thread added: 0x000002537a9a3380
Event: 0.032 Thread 0x000002537a9ac880 Thread added: 0x000002537a9ac880
Event: 0.063 Thread 0x000002537ec67f70 Thread added: 0x000002537ec67f70
Event: 0.093 Thread 0x000002537ed7a650 Thread added: 0x000002537ed7a650
Event: 0.094 Thread 0x000002537ed7e3e0 Thread added: 0x000002537ed7e3e0
Event: 0.094 Thread 0x000002537ed7e8c0 Thread added: 0x000002537ed7e8c0
Event: 0.229 Loaded shared library C:\Program Files\Java\jdk-18.0.2\bin\zip.dll
Event: 0.232 Loaded shared library C:\Program Files\Java\jdk-18.0.2\bin\instrument.dll
Event: 0.240 Loaded shared library C:\Program Files\Java\jdk-18.0.2\bin\net.dll
Event: 0.241 Loaded shared library C:\Program Files\Java\jdk-18.0.2\bin\nio.dll
Event: 0.244 Loaded shared library C:\Program Files\Java\jdk-18.0.2\bin\zip.dll
Event: 0.277 Thread 0x000002537ed2f0d0 Thread added: 0x000002537ed2f0d0
Event: 0.321 Loaded shared library C:\Program Files\Java\jdk-18.0.2\bin\jimage.dll
Event: 0.408 Thread 0x000002537ef9f510 Thread added: 0x000002537ef9f510
Event: 0.414 Loaded shared library C:\Program Files\Java\jdk-18.0.2\bin\verify.dll
Event: 5.458 Thread 0x000002537ed2f0d0 Thread exited: 0x000002537ed2f0d0


Dynamic libraries:
0x00007ff6a74c0000 - 0x00007ff6a74d0000 	C:\Program Files\Java\jdk-18.0.2\bin\javaw.exe
0x00007ffcd5fd0000 - 0x00007ffcd61c8000 	C:\Windows\SYSTEM32\ntdll.dll
0x00007ffcb2420000 - 0x00007ffcb2439000 	C:\Program Files\Avast Software\Avast\aswhook.dll
0x00007ffcd4cc0000 - 0x00007ffcd4d7f000 	C:\Windows\System32\KERNEL32.DLL
0x00007ffcd3a30000 - 0x00007ffcd3d26000 	C:\Windows\System32\KERNELBASE.dll
0x00007ffcd3f30000 - 0x00007ffcd4030000 	C:\Windows\System32\ucrtbase.dll
0x00007ffcce740000 - 0x00007ffcce75a000 	C:\Program Files\Java\jdk-18.0.2\bin\VCRUNTIME140.dll
0x00007ffccdda0000 - 0x00007ffccddb8000 	C:\Program Files\Java\jdk-18.0.2\bin\jli.dll
0x00007ffcd4d90000 - 0x00007ffcd4e3f000 	C:\Windows\System32\ADVAPI32.dll
0x00007ffcd5ef0000 - 0x00007ffcd5f8e000 	C:\Windows\System32\msvcrt.dll
0x00007ffcd4090000 - 0x00007ffcd412c000 	C:\Windows\System32\sechost.dll
0x00007ffcd5ce0000 - 0x00007ffcd5e06000 	C:\Windows\System32\RPCRT4.dll
0x00007ffcd4e40000 - 0x00007ffcd4fdd000 	C:\Windows\System32\USER32.dll
0x00007ffcb7620000 - 0x00007ffcb78ba000 	C:\Windows\WinSxS\amd64_microsoft.windows.common-controls_6595b64144ccf1df_6.0.19041.1110_none_60b5254171f9507e\COMCTL32.dll
0x00007ffcd37d0000 - 0x00007ffcd37f2000 	C:\Windows\System32\win32u.dll
0x00007ffcd4c90000 - 0x00007ffcd4cbc000 	C:\Windows\System32\GDI32.dll
0x00007ffcd36b0000 - 0x00007ffcd37c5000 	C:\Windows\System32\gdi32full.dll
0x00007ffcd3d30000 - 0x00007ffcd3dcd000 	C:\Windows\System32\msvcp_win.dll
0x00007ffcca650000 - 0x00007ffcca65a000 	C:\Windows\SYSTEM32\VERSION.dll
0x00007ffcd4fe0000 - 0x00007ffcd5010000 	C:\Windows\System32\IMM32.DLL
0x00007ffcd0e70000 - 0x00007ffcd0e7c000 	C:\Program Files\Java\jdk-18.0.2\bin\vcruntime140_1.dll
0x00007ffccb960000 - 0x00007ffccb9ed000 	C:\Program Files\Java\jdk-18.0.2\bin\msvcp140.dll
0x00007ffc55ef0000 - 0x00007ffc56b01000 	C:\Program Files\Java\jdk-18.0.2\bin\server\jvm.dll
0x00007ffcd4d80000 - 0x00007ffcd4d88000 	C:\Windows\System32\PSAPI.DLL
0x00007ffcc1070000 - 0x00007ffcc1079000 	C:\Windows\SYSTEM32\WSOCK32.dll
0x00007ffcc7830000 - 0x00007ffcc7857000 	C:\Windows\SYSTEM32\WINMM.dll
0x00007ffcd5010000 - 0x00007ffcd507b000 	C:\Windows\System32\WS2_32.dll
0x00007ffcd1590000 - 0x00007ffcd15a2000 	C:\Windows\SYSTEM32\kernel.appcore.dll
0x00007ffccf220000 - 0x00007ffccf22a000 	C:\Program Files\Java\jdk-18.0.2\bin\jimage.dll
0x00007ffccb2b0000 - 0x00007ffccb494000 	C:\Windows\SYSTEM32\DBGHELP.DLL
0x00007ffcc9ef0000 - 0x00007ffcc9f24000 	C:\Windows\SYSTEM32\dbgcore.DLL
0x00007ffcd3970000 - 0x00007ffcd39f2000 	C:\Windows\System32\bcryptPrimitives.dll
0x00007ffcc5110000 - 0x00007ffcc514b000 	C:\Program Files\Java\jdk-18.0.2\bin\jdwp.dll
0x00007ffcc5100000 - 0x00007ffcc510e000 	C:\Program Files\Java\jdk-18.0.2\bin\instrument.dll
0x00007ffccdd70000 - 0x00007ffccdd95000 	C:\Program Files\Java\jdk-18.0.2\bin\java.dll
0x00007ffca9330000 - 0x00007ffca9406000 	C:\Program Files\Java\jdk-18.0.2\bin\jsvml.dll
0x00007ffcd4130000 - 0x00007ffcd4874000 	C:\Windows\System32\SHELL32.dll
0x00007ffcd1790000 - 0x00007ffcd1f23000 	C:\Windows\SYSTEM32\windows.storage.dll
0x00007ffcd5470000 - 0x00007ffcd57c4000 	C:\Windows\System32\combase.dll
0x00007ffcd3030000 - 0x00007ffcd305e000 	C:\Windows\SYSTEM32\Wldp.dll
0x00007ffcd51c0000 - 0x00007ffcd526d000 	C:\Windows\System32\SHCORE.dll
0x00007ffcd52d0000 - 0x00007ffcd5325000 	C:\Windows\System32\shlwapi.dll
0x00007ffcd35f0000 - 0x00007ffcd360f000 	C:\Windows\SYSTEM32\profapi.dll
0x00007ffcc50f0000 - 0x00007ffcc50fc000 	C:\Program Files\Java\jdk-18.0.2\bin\dt_socket.dll
0x00007ffcd2a80000 - 0x00007ffcd2abc000 	C:\Windows\SYSTEM32\IPHLPAPI.DLL
0x00007ffcd2d90000 - 0x00007ffcd2dfa000 	C:\Windows\system32\mswsock.dll
0x00007ffcd2ac0000 - 0x00007ffcd2b8b000 	C:\Windows\SYSTEM32\DNSAPI.dll
0x00007ffcd5cd0000 - 0x00007ffcd5cd8000 	C:\Windows\System32\NSI.dll
0x00007ffcc9210000 - 0x00007ffcc921a000 	C:\Windows\System32\rasadhlp.dll
0x00007ffcc7be0000 - 0x00007ffcc7c62000 	C:\Windows\System32\fwpuclnt.dll
0x00007ffcd3a00000 - 0x00007ffcd3a27000 	C:\Windows\System32\bcrypt.dll
0x00007ffccb920000 - 0x00007ffccb938000 	C:\Program Files\Java\jdk-18.0.2\bin\zip.dll
0x00007ffccdd50000 - 0x00007ffccdd63000 	C:\Program Files\Java\jdk-18.0.2\bin\net.dll
0x00007ffcca6a0000 - 0x00007ffcca7aa000 	C:\Windows\SYSTEM32\WINHTTP.dll
0x00007ffccb940000 - 0x00007ffccb956000 	C:\Program Files\Java\jdk-18.0.2\bin\nio.dll
0x00007ffcce700000 - 0x00007ffcce710000 	C:\Program Files\Java\jdk-18.0.2\bin\verify.dll

dbghelp: loaded successfully - version: 4.0.5 - missing functions: none
symbol engine: initialized successfully - sym options: 0x614 - pdb path: .;C:\Program Files\Java\jdk-18.0.2\bin;C:\Windows\SYSTEM32;C:\Program Files\Avast Software\Avast;C:\Windows\WinSxS\amd64_microsoft.windows.common-controls_6595b64144ccf1df_6.0.19041.1110_none_60b5254171f9507e;C:\Program Files\Java\jdk-18.0.2\bin\server

VM Arguments:
jvm_args: -XX:+ShowCodeDetailsInExceptionMessages -agentlib:jdwp=transport=dt_socket,suspend=y,address=localhost:56853 -javaagent:C:\Users\Pc\eclipse\java-2022-12\eclipse\configuration\org.eclipse.osgi\227\0\.cp\lib\javaagent-shaded.jar -Dfile.encoding=UTF-8 
java_command: TDAArbol.Tester
java_class_path (initial): C:\Users\Pc\Documents\#UNS\03 Cuatri\Estructura de datos (ED)\CipraStructures\bin;C:\Users\Pc\.p2\pool\plugins\junit-jupiter-api_5.9.1.jar;C:\Users\Pc\.p2\pool\plugins\junit-jupiter-engine_5.9.1.jar;C:\Users\Pc\.p2\pool\plugins\junit-jupiter-migrationsupport_5.9.1.jar;C:\Users\Pc\.p2\pool\plugins\junit-jupiter-params_5.9.1.jar;C:\Users\Pc\.p2\pool\plugins\junit-platform-commons_1.9.1.jar;C:\Users\Pc\.p2\pool\plugins\junit-platform-engine_1.9.1.jar;C:\Users\Pc\.p2\pool\plugins\junit-platform-launcher_1.9.1.jar;C:\Users\Pc\.p2\pool\plugins\junit-platform-runner_1.9.1.jar;C:\Users\Pc\.p2\pool\plugins\junit-platform-suite-api_1.9.1.jar;C:\Users\Pc\.p2\pool\plugins\junit-platform-suite-engine_1.9.1.jar;C:\Users\Pc\.p2\pool\plugins\junit-platform-suite-commons_1.9.1.jar;C:\Users\Pc\.p2\pool\plugins\junit-vintage-engine_5.9.1.jar;C:\Users\Pc\.p2\pool\plugins\org.opentest4j_1.2.0.jar;C:\Users\Pc\.p2\pool\plugins\org.apiguardian.api_1.1.2.jar;C:\Users\Pc\.p2\pool\plugins\org.junit_4.13.2.v20211018-1956.jar;C:\Users\Pc\.p2\pool\plugins\org.hamcrest.core_1.3.0.v20180420-1519.jar
Launcher Type: SUN_STANDARD

[Global flags]
     intx CICompilerCount                          = 4                                         {product} {ergonomic}
     uint ConcGCThreads                            = 2                                         {product} {ergonomic}
     uint G1ConcRefinementThreads                  = 8                                         {product} {ergonomic}
   size_t G1HeapRegionSize                         = 2097152                                   {product} {ergonomic}
    uintx GCDrainStackTargetSize                   = 64                                        {product} {ergonomic}
   size_t InitialHeapSize                          = 234881024                                 {product} {ergonomic}
   size_t MarkStackSize                            = 4194304                                   {product} {ergonomic}
   size_t MaxHeapSize                              = 3745513472                                {product} {ergonomic}
   size_t MaxNewSize                               = 2246049792                                {product} {ergonomic}
   size_t MinHeapDeltaBytes                        = 2097152                                   {product} {ergonomic}
   size_t MinHeapSize                              = 8388608                                   {product} {ergonomic}
    uintx NonNMethodCodeHeapSize                   = 5839372                                {pd product} {ergonomic}
    uintx NonProfiledCodeHeapSize                  = 122909434                              {pd product} {ergonomic}
     bool PerfDisableSharedMem                     = true                                      {product} {ergonomic}
    uintx ProfiledCodeHeapSize                     = 122909434                              {pd product} {ergonomic}
    uintx ReservedCodeCacheSize                    = 251658240                              {pd product} {ergonomic}
     bool SegmentedCodeCache                       = true                                      {product} {ergonomic}
     bool ShowCodeDetailsInExceptionMessages       = true                                   {manageable} {command line}
   size_t SoftMaxHeapSize                          = 3745513472                             {manageable} {ergonomic}
     bool UseCompressedClassPointers               = true                           {product lp64_product} {ergonomic}
     bool UseCompressedOops                        = true                           {product lp64_product} {ergonomic}
     bool UseG1GC                                  = true                                      {product} {ergonomic}
     bool UseLargePagesIndividualAllocation        = false                                  {pd product} {ergonomic}

Logging:
Log output configuration:
 #0: stdout all=warning uptime,level,tags foldmultilines=false
 #1: stderr all=off uptime,level,tags foldmultilines=false

Environment Variables:
PATH=C:\Program Files\Common Files\Oracle\Java\javapath;C:\Program Files (x86)\Common Files\Oracle\Java\javapath;C:\Windows\system32;C:\Windows;C:\Windows\System32\Wbem;C:\Windows\System32\WindowsPowerShell\v1.0\;C:\Windows\System32\OpenSSH\;C:\FPC\3.2.2\bin\i386-Win32;C:\Program Files (x86)\dotnet\;C:\Program Files\Git\cmd;C:\Users\Pc\AppData\Local\Microsoft\WindowsApps;;C:\Users\Pc\AppData\Local\Programs\Microsoft VS Code\bin
USERNAME=Pc
OS=Windows_NT
PROCESSOR_IDENTIFIER=AMD64 Family 23 Model 17 Stepping 0, AuthenticAMD



---------------  S Y S T E M  ---------------

OS:
 Windows 10 , 64 bit Build 19041 (10.0.19041.2913)
OS uptime: 10 days 17:39 hours

CPU: total 8 (initial active 8) (8 cores per cpu, 2 threads per core) family 23 model 17 stepping 0 microcode 0x0, cx8, cmov, fxsr, ht, mmx, 3dnowpref, sse, sse2, sse3, ssse3, sse4a, sse4.1, sse4.2, popcnt, lzcnt, tsc, tscinvbit, avx, avx2, aes, clmul, bmi1, bmi2, adx, sha, fma, vzeroupper, clflush, clflushopt

Memory: 4k page, system-wide physical 14284M (6530M free)
TotalPageFile size 17996M (AvailPageFile size 5811M)
current process WorkingSet (physical memory assigned to process): 45M, peak: 48M
current process commit charge ("private bytes"): 314M, peak: 318M

vm_info: Java HotSpot(TM) 64-Bit Server VM (18.0.2+9-61) for windows-amd64 JRE (18.0.2+9-61), built on Jun  7 2022 13:09:01 by "mach5one" with MS VC++ 16.8 / 16.9 (VS2019)

END.
